<?xml version="1.0" encoding="UTF-8"?>
<testsuite name="com.xalts.SignUpTests" tests="7" skipped="0" failures="0" errors="0" timestamp="2025-04-06T11:28:22" hostname="Arjuns-MacBook-Air.local" time="3.371">
  <properties/>
  <testcase name="testEmptyFieldsOnSignup" classname="com.xalts.SignUpTests" time="0.044"/>
  <testcase name="testPasswordAndConfirmPasswordMismatch" classname="com.xalts.SignUpTests" time="0.343"/>
  <testcase name="testPasswordNotMeetingCriteria" classname="com.xalts.SignUpTests" time="0.127"/>
  <testcase name="testSignUpWithInvalidEmail" classname="com.xalts.SignUpTests" time="0.612"/>
  <testcase name="testSignupWithExistingEmail" classname="com.xalts.SignUpTests" time="1.17"/>
  <testcase name="testSignupWithIncompleteEmailFormat" classname="com.xalts.SignUpTests" time="0.664"/>
  <testcase name="testValidSignUP" classname="com.xalts.SignUpTests" time="0.15"/>
  <system-out><![CDATA[]]></system-out>
  <system-err><![CDATA[]]></system-err>
</testsuite>
