<?xml version="1.0" encoding="UTF-8"?>
<testsuite name="com.xalts.SignInPageTests" tests="7" skipped="0" failures="0" errors="0" timestamp="2025-04-06T11:27:41" hostname="Arjuns-MacBook-Air.local" time="5.751">
  <properties/>
  <testcase name="testEmptyFieldsOnSignup" classname="com.xalts.SignInPageTests" time="0.091"/>
  <testcase name="testLoginFailsWithInvalidEmailFormat" classname="com.xalts.SignInPageTests" time="0.174"/>
  <testcase name="testLoginFailsWithSqlInjectionInEmail" classname="com.xalts.SignInPageTests" time="1.205"/>
  <testcase name="testLoginFailsWithUnregisteredEmail" classname="com.xalts.SignInPageTests" time="0.673"/>
  <testcase name="testLoginFailsWithWrongPassword" classname="com.xalts.SignInPageTests" time="0.102"/>
  <testcase name="testPasswordNotMeetingCriteria" classname="com.xalts.SignInPageTests" time="0.147"/>
  <testcase name="testSignInWithValidCredentials" classname="com.xalts.SignInPageTests" time="3.15"/>
  <system-out><![CDATA[]]></system-out>
  <system-err><![CDATA[]]></system-err>
</testsuite>
