<?xml version="1.0" encoding="UTF-8"?>
<testsuite name="com.xalts.SignOutTests" tests="4" skipped="0" failures="0" errors="0" timestamp="2025-04-06T11:27:50" hostname="Arjuns-MacBook-Air.local" time="27.599">
  <properties/>
  <testcase name="testSignOutFromGetStartedPage" classname="com.xalts.SignOutTests" time="6.474"/>
  <testcase name="testSignOutFromLaunchOcnPage" classname="com.xalts.SignOutTests" time="8.356"/>
  <testcase name="testSignOutFromMainPage" classname="com.xalts.SignOutTests" time="4.235"/>
  <testcase name="testSignOutFromOnboardOcnPage" classname="com.xalts.SignOutTests" time="8.403"/>
  <system-out><![CDATA[]]></system-out>
  <system-err><![CDATA[]]></system-err>
</testsuite>
